<?xml version="1.0" encoding="UTF-8"?>
<!-- Generated by org.testng.reporters.JUnitReportReporter -->
<testsuite skipped="0" hostname="TH1716" name="example_one.Test_two" tests="1" failures="0" timestamp="29 Aug 2018 04:56:20 GMT" time="10.859" errors="0">
  <testcase name="test_num_circuits" time="10.859" classname="example_one.Test_two"/>
</testsuite> <!-- example_one.Test_two -->
