<?xml version="1.0" encoding="UTF-8"?>
<!-- Generated by org.testng.reporters.JUnitReportReporter -->
<testsuite skipped="0" hostname="TH1716" name="example_one.Test_Three" tests="1" failures="0" timestamp="07 Sep 2018 03:58:47 GMT" time="1.950" errors="0">
  <testcase name="headers" time="1.950" classname="example_one.Test_Three"/>
</testsuite> <!-- example_one.Test_Three -->
