<?xml version="1.0" encoding="UTF-8"?>
<!-- Generated by org.testng.reporters.JUnitReportReporter -->
<testsuite skipped="0" hostname="TH1716" name="example_one.Test_Four" tests="1" failures="0" timestamp="07 Sep 2018 08:27:27 GMT" time="2.907" errors="0">
  <testcase name="assert_using_hamcrest_all" time="2.907" classname="example_one.Test_Four"/>
</testsuite> <!-- example_one.Test_Four -->
