<?xml version="1.0" encoding="UTF-8"?>
<!-- Generated by org.testng.reporters.JUnitReportReporter -->
<testsuite skipped="0" hostname="TH1716" name="example_one.Test_one" tests="1" failures="0" timestamp="28 Sep 2018 06:29:45 GMT" time="365.122" errors="0">
  <testcase name="ex_one" time="365.122" classname="example_one.Test_one"/>
</testsuite> <!-- example_one.Test_one -->
